{"/Users/dojeda/dev/udacity/front_end/nlp_project/src/client/js/formHandler.js": {"path":"/Users/dojeda/dev/udacity/front_end/nlp_project/src/client/js/formHandler.js","statementMap":{"0":{"start":{"line":2,"column":2},"end":{"line":2,"column":24}},"1":{"start":{"line":4,"column":2},"end":{"line":4,"column":71}},"2":{"start":{"line":6,"column":17},"end":{"line":6,"column":53}},"3":{"start":{"line":8,"column":2},"end":{"line":29,"column":4}},"4":{"start":{"line":15,"column":4},"end":{"line":15,"column":21}},"5":{"start":{"line":17,"column":6},"end":{"line":17,"column":38}},"6":{"start":{"line":19,"column":6},"end":{"line":19,"column":75}},"7":{"start":{"line":21,"column":6},"end":{"line":21,"column":71}},"8":{"start":{"line":23,"column":6},"end":{"line":23,"column":74}},"9":{"start":{"line":25,"column":4},"end":{"line":25,"column":72}},"10":{"start":{"line":27,"column":4},"end":{"line":27,"column":22}},"11":{"start":{"line":28,"column":4},"end":{"line":28,"column":59}}},"fnMap":{"0":{"name":"handleSubmit","decl":{"start":{"line":1,"column":9},"end":{"line":1,"column":21}},"loc":{"start":{"line":1,"column":29},"end":{"line":30,"column":1}},"line":1},"1":{"name":"(anonymous_1)","decl":{"start":{"line":14,"column":10},"end":{"line":14,"column":11}},"loc":{"start":{"line":14,"column":17},"end":{"line":16,"column":3}},"line":14},"2":{"name":"(anonymous_2)","decl":{"start":{"line":16,"column":10},"end":{"line":16,"column":11}},"loc":{"start":{"line":16,"column":17},"end":{"line":24,"column":3}},"line":16},"3":{"name":"(anonymous_3)","decl":{"start":{"line":24,"column":11},"end":{"line":24,"column":12}},"loc":{"start":{"line":24,"column":18},"end":{"line":29,"column":3}},"line":24}},"branchMap":{},"s":{"0":2,"1":2,"2":2,"3":2,"4":2,"5":1,"6":1,"7":1,"8":1,"9":1,"10":1,"11":1},"f":{"0":2,"1":2,"2":1,"3":1},"b":{},"_coverageSchema":"1a1c01bbd47fc00a2c39e90264f33305004495a9","hash":"19f7b00669117f6cec2318b178e84fe88990aab1"}
,"/Users/dojeda/dev/udacity/front_end/nlp_project/src/client/js/formatResponse.js": {"path":"/Users/dojeda/dev/udacity/front_end/nlp_project/src/client/js/formatResponse.js","statementMap":{"0":{"start":{"line":2,"column":2},"end":{"line":2,"column":21}},"1":{"start":{"line":3,"column":2},"end":{"line":6,"column":3}},"2":{"start":{"line":10,"column":42},"end":{"line":10,"column":100}},"3":{"start":{"line":10,"column":65},"end":{"line":10,"column":92}},"4":{"start":{"line":12,"column":20},"end":{"line":14,"column":4}},"5":{"start":{"line":15,"column":2},"end":{"line":15,"column":165}},"6":{"start":{"line":19,"column":39},"end":{"line":19,"column":95}},"7":{"start":{"line":19,"column":62},"end":{"line":19,"column":87}},"8":{"start":{"line":21,"column":14},"end":{"line":21,"column":209}},"9":{"start":{"line":23,"column":21},"end":{"line":23,"column":78}},"10":{"start":{"line":23,"column":44},"end":{"line":23,"column":70}},"11":{"start":{"line":25,"column":17},"end":{"line":25,"column":41}},"12":{"start":{"line":26,"column":2},"end":{"line":28,"column":3}},"13":{"start":{"line":27,"column":4},"end":{"line":27,"column":106}},"14":{"start":{"line":29,"column":2},"end":{"line":29,"column":21}},"15":{"start":{"line":31,"column":2},"end":{"line":31,"column":24}}},"fnMap":{"0":{"name":"formatResponse","decl":{"start":{"line":1,"column":9},"end":{"line":1,"column":23}},"loc":{"start":{"line":1,"column":29},"end":{"line":7,"column":1}},"line":1},"1":{"name":"processSentiment","decl":{"start":{"line":9,"column":9},"end":{"line":9,"column":25}},"loc":{"start":{"line":9,"column":31},"end":{"line":16,"column":1}},"line":9},"2":{"name":"(anonymous_2)","decl":{"start":{"line":10,"column":59},"end":{"line":10,"column":60}},"loc":{"start":{"line":10,"column":65},"end":{"line":10,"column":92}},"line":10},"3":{"name":"processArticle","decl":{"start":{"line":18,"column":9},"end":{"line":18,"column":23}},"loc":{"start":{"line":18,"column":29},"end":{"line":32,"column":1}},"line":18},"4":{"name":"(anonymous_4)","decl":{"start":{"line":19,"column":56},"end":{"line":19,"column":57}},"loc":{"start":{"line":19,"column":62},"end":{"line":19,"column":87}},"line":19},"5":{"name":"(anonymous_5)","decl":{"start":{"line":23,"column":38},"end":{"line":23,"column":39}},"loc":{"start":{"line":23,"column":44},"end":{"line":23,"column":70}},"line":23}},"branchMap":{},"s":{"0":4,"1":4,"2":4,"3":12,"4":4,"5":4,"6":4,"7":4,"8":4,"9":4,"10":8,"11":4,"12":4,"13":20,"14":4,"15":4},"f":{"0":4,"1":4,"2":12,"3":4,"4":4,"5":8},"b":{},"_coverageSchema":"1a1c01bbd47fc00a2c39e90264f33305004495a9","hash":"d59cd08010999302df620e85bb473dc4b9d24ee8"}
}
