TN:
SF:src/client/js/formHandler.js
FN:1,handleSubmit
FN:12,(anonymous_1)
FN:14,(anonymous_2)
FN:20,(anonymous_3)
FNF:4
FNH:4
FNDA:2,handleSubmit
FNDA:2,(anonymous_1)
FNDA:1,(anonymous_2)
FNDA:1,(anonymous_3)
DA:2,2
DA:4,2
DA:6,2
DA:13,2
DA:15,1
DA:17,1
DA:19,1
DA:21,1
LF:8
LH:8
BRF:0
BRH:0
end_of_record
TN:
SF:src/client/js/formatResponse.js
FN:1,formatResponse
FN:9,processSentiment
FN:10,(anonymous_2)
FN:18,processArticle
FN:19,(anonymous_4)
FN:23,(anonymous_5)
FNF:6
FNH:6
FNDA:4,formatResponse
FNDA:4,processSentiment
FNDA:12,(anonymous_2)
FNDA:4,processArticle
FNDA:4,(anonymous_4)
FNDA:8,(anonymous_5)
DA:2,4
DA:3,4
DA:10,12
DA:12,4
DA:15,4
DA:19,4
DA:21,4
DA:23,8
DA:25,4
DA:26,4
DA:27,20
DA:29,4
DA:31,4
LF:13
LH:13
BRF:0
BRH:0
end_of_record
